Logged at Wednesday, August 16, 2023 12:35:58
FileVersion: 5.7.1.3146
ProductVersion: 5.7.1.3146
LogFile: editor.log
GameDir: Assets
Executable: E:\CRYENGINE Launcher\Engines\crytek\cryengine-57-lts\5.7.1\bin\win_x64\Sandbox.exe

Exception Code: FATAL_ERROR
Exception Addr: 
Exception Module: 
Exception Description: FATAL_ERROR, 
Memory in use: 1744.6MB
Debug Status: 
Out of Memory: 0
MainThread Id: 12424
RenderThread Id: 2500
[Crashed] Thread Id: 12424
[Crashed] ThreadName: Main

[Crashed] Call Stack: ["Main" [12424]]
 39) function=CrySystem.dll+0x67aa13
 38) function=CrySystem.dll+0x294f51
 37) function=CrySystem.dll+0x37295e
 36) function=VehicleEditorPlugin.dll+0x2d271
 35) function=VCRUNTIME140.dll+0x6ea4
 34) function=Game.dll+0x13f113
 33) function=CryEntitySystem.dll+0x1e8b52
 32) function=CryEntitySystem.dll+0x311925
 31) function=CryEntitySystem.dll+0x30fcc3
 30) function=CrySystem.dll+0x3cf973
 29) function=CrySystem.dll+0x35f115
 28) function=Sandbox.exe+0x2b2af8
 27) function=Sandbox.exe+0x2801e2
 26) function=Sandbox.exe+0xdd20f4
 25) function=Qt5Core.dll+0x1f6f99
 24) function=Qt5Core.dll+0x1efd08
 23) function=Qt5Widgets.dll+0x18150
 22) function=Qt5Widgets.dll+0x1714a
 21) function=Qt5Core.dll+0x1c9319
 20) function=Qt5Core.dll+0x212a2a
 19) function=Qt5Widgets.dll+0x18150
 18) function=Qt5Widgets.dll+0x1714a
 17) function=Qt5Core.dll+0x1c9319
 16) function=Qt5Core.dll+0x1cb291
 15) function=qwindows.dll+0x6143f
 14) function=Qt5Core.dll+0x213b53
 13) function=USER32.dll+0xe858
 12) function=USER32.dll+0xe299
 11) function=Qt5Core.dll+0x21333e
 10) function=qwindows.dll+0x61419
  9) function=Qt5Core.dll+0x1c50ab
  8) function=Qt5Core.dll+0x1c8201
  7) function=MFCToolsPlugin.dll+0x1fcd44
  6) function=Sandbox.exe+0x2e3230
  5) function=Sandbox.exe+0x1023eb7
  4) function=Sandbox.exe+0xfe67fe
  3) function=KERNEL32.DLL+0x17614
  2) function=ntdll.dll+0x526a1
  1) function=ntdll.dll+0x526a1


Call Stack: ["JobSystem_Worker_0 (Blocking)" [11712]]
 8) function=ntdll.dll+0x9d0e4
  7) function=KERNELBASE.dll+0x230ce
  6) function=CrySystem.dll+0x58bc8a
  5) function=CrySystem.dll+0x2115ae
  4) function=ucrtbase.dll+0x21bb2
  3) function=KERNEL32.DLL+0x17614
  2) function=ntdll.dll+0x526a1
  1) function=ntdll.dll+0x526a1
 

Call Stack: ["Streaming AsyncCallback" [14432]]
 8) function=ntdll.dll+0x9d0e4
  7) function=KERNELBASE.dll+0x230ce
  6) function=CrySystem.dll+0x1b00dd
  5) function=CrySystem.dll+0x2115ae
  4) function=ucrtbase.dll+0x21bb2
  3) function=KERNEL32.DLL+0x17614
  2) function=ntdll.dll+0x526a1
  1) function=ntdll.dll+0x526a1
 

Call Stack: ["NotificationNetwork" [15800]]
10) function=ntdll.dll+0x9d0e4
  9) function=mswsock.dll+0x80fc
  8) function=mswsock.dll+0xf4de
  7) function=WS2_32.dll+0x116f7
  6) function=CrySystem.dll+0x3aa0dc
  5) function=CrySystem.dll+0x3c9b8a
  4) function=CrySystem.dll+0x2115ae
  3) function=ucrtbase.dll+0x21bb2
  2) function=KERNEL32.DLL+0x17614
  1) function=ntdll.dll+0x526a1
 

Call Stack: ["JobSystem_Worker_0" [6584]]
 9) function=ntdll.dll+0xa0a74
  8) function=ntdll.dll+0x64131
  7) function=KERNELBASE.dll+0x73499
  6) function=CrySystem.dll+0x58c90f
  5) function=CrySystem.dll+0x2115ae
  4) function=ucrtbase.dll+0x21bb2
  3) function=KERNEL32.DLL+0x17614
  2) function=ntdll.dll+0x526a1
  1) function=ntdll.dll+0x526a1
 

Call Stack: ["JobSystem_Worker_1" [1412]]
 9) function=ntdll.dll+0xa0a74
  8) function=ntdll.dll+0x64131
  7) function=KERNELBASE.dll+0x73499
  6) function=CrySystem.dll+0x58c90f
  5) function=CrySystem.dll+0x2115ae
  4) function=ucrtbase.dll+0x21bb2
  3) function=KERNEL32.DLL+0x17614
  2) function=ntdll.dll+0x526a1
  1) function=ntdll.dll+0x526a1
 

Call Stack: ["JobSystem_Helper_2" [17804]]
 9) function=ntdll.dll+0xa0a74
  8) function=ntdll.dll+0x64131
  7) function=KERNELBASE.dll+0x73499
  6) function=CrySystem.dll+0x58c02a
  5) function=CrySystem.dll+0x2115ae
  4) function=ucrtbase.dll+0x21bb2
  3) function=KERNEL32.DLL+0x17614
  2) function=ntdll.dll+0x526a1
  1) function=ntdll.dll+0x526a1
 

Call Stack: ["JobSystem_Helper_3" [12356]]
 9) function=ntdll.dll+0xa0a74
  8) function=ntdll.dll+0x64131
  7) function=KERNELBASE.dll+0x73499
  6) function=CrySystem.dll+0x58c02a
  5) function=CrySystem.dll+0x2115ae
  4) function=ucrtbase.dll+0x21bb2
  3) function=KERNEL32.DLL+0x17614
  2) function=ntdll.dll+0x526a1
  1) function=ntdll.dll+0x526a1
 

Call Stack: ["Streaming File IO HDD" [16040]]
 9) function=ntdll.dll+0x9d0e4
  8) function=KERNELBASE.dll+0x230ce
  7) function=CrySystem.dll+0x2d71dd
  6) function=CrySystem.dll+0x1ae4b8
  5) function=CrySystem.dll+0x2115ae
  4) function=ucrtbase.dll+0x21bb2
  3) function=KERNEL32.DLL+0x17614
  2) function=ntdll.dll+0x526a1
  1) function=ntdll.dll+0x526a1
 

Call Stack: ["Streaming File IO InMemory" [17664]]
 9) function=ntdll.dll+0x9d0e4
  8) function=KERNELBASE.dll+0x230ce
  7) function=CrySystem.dll+0x2d71dd
  6) function=CrySystem.dll+0x1ae4b8
  5) function=CrySystem.dll+0x2115ae
  4) function=ucrtbase.dll+0x21bb2
  3) function=KERNEL32.DLL+0x17614
  2) function=ntdll.dll+0x526a1
  1) function=ntdll.dll+0x526a1
 

Call Stack: ["RenderThread" [2500]]
10) function=ntdll.dll+0xa0a74
  9) function=ntdll.dll+0x64131
  8) function=KERNELBASE.dll+0x73499
  7) function=MSVCP140.dll+0x12939
  6) function=MSVCP140.dll+0x12b7a
  5) function=CryRenderD3D11.dll+0x539367
  4) function=CryRenderD3D11.dll+0x50aa7f
  3) function=CrySystem.dll+0x2115ae
  2) function=ucrtbase.dll+0x21bb2
  1) function=KERNEL32.DLL+0x17614
 

Call Stack: ["ShaderCompile" [8732]]
 8) function=ntdll.dll+0x9d6e4
  7) function=KERNELBASE.dll+0x4b44e
  6) function=CryRenderD3D11.dll+0x28c9ed
  5) function=CrySystem.dll+0x2115ae
  4) function=ucrtbase.dll+0x21bb2
  3) function=KERNEL32.DLL+0x17614
  2) function=ntdll.dll+0x526a1
  1) function=ntdll.dll+0x526a1
 

Call Stack: ["ServiceNetwork" [2756]]
 8) function=ntdll.dll+0x9d6e4
  7) function=KERNELBASE.dll+0x4b44e
  6) function=CrySystem.dll+0x5ed025
  5) function=CrySystem.dll+0x2115ae
  4) function=ucrtbase.dll+0x21bb2
  3) function=KERNEL32.DLL+0x17614
  2) function=ntdll.dll+0x526a1
  1) function=ntdll.dll+0x526a1
 

Call Stack: ["NetAddressSolver" [1652]]
10) function=ntdll.dll+0xa0a74
  9) function=ntdll.dll+0x64131
  8) function=KERNELBASE.dll+0x73499
  7) function=CryNetwork.dll+0x25e339
  6) function=CryNetwork.dll+0x144684
  5) function=CrySystem.dll+0x2115ae
  4) function=ucrtbase.dll+0x21bb2
  3) function=KERNEL32.DLL+0x17614
  2) function=ntdll.dll+0x526a1
  1) function=ntdll.dll+0x526a1
 

Call Stack: ["ZLibCompressor" [18704]]
 8) function=ntdll.dll+0x9d0e4
  7) function=KERNELBASE.dll+0x230ce
  6) function=CryAction.dll+0x7fe563
  5) function=CrySystem.dll+0x2115ae
  4) function=ucrtbase.dll+0x21bb2
  3) function=KERNEL32.DLL+0x17614
  2) function=ntdll.dll+0x526a1
  1) function=ntdll.dll+0x526a1
 

Call Stack: ["InputWorker" [10856]]
 8) function=ntdll.dll+0x9d6e4
  7) function=KERNELBASE.dll+0x4b44e
  6) function=CryInput.dll+0x66d2e
  5) function=CrySystem.dll+0x2115ae
  4) function=ucrtbase.dll+0x21bb2
  3) function=KERNEL32.DLL+0x17614
  2) function=ntdll.dll+0x526a1
  1) function=ntdll.dll+0x526a1
 

Call Stack: ["Physics" [17792]]
 8) function=ntdll.dll+0x9d0e4
  7) function=KERNELBASE.dll+0x230ce
  6) function=CrySystem.dll+0x3c96e2
  5) function=CrySystem.dll+0x2115ae
  4) function=ucrtbase.dll+0x21bb2
  3) function=KERNEL32.DLL+0x17614
  2) function=ntdll.dll+0x526a1
  1) function=ntdll.dll+0x526a1
 

Call Stack: ["PhysicsWorkerThread_0" [4880]]
 8) function=ntdll.dll+0x9d0e4
  7) function=KERNELBASE.dll+0x230ce
  6) function=CryPhysics.dll+0x2225d8
  5) function=CrySystem.dll+0x2115ae
  4) function=ucrtbase.dll+0x21bb2
  3) function=KERNEL32.DLL+0x17614
  2) function=ntdll.dll+0x526a1
  1) function=ntdll.dll+0x526a1
 

Call Stack: ["FileChangeMonitor" [1044]]
 9) function=ntdll.dll+0x9dbb4
  8) function=KERNELBASE.dll+0x51b40
  7) function=KERNELBASE.dll+0x51a3e
  6) function=Sandbox.exe+0xee2dc8
  5) function=CrySystem.dll+0x2115ae
  4) function=ucrtbase.dll+0x21bb2
  3) function=KERNEL32.DLL+0x17614
  2) function=ntdll.dll+0x526a1
  1) function=ntdll.dll+0x526a1
 

Call Stack: ["BackgroundTask_0" [1512]]
 8) function=ntdll.dll+0x9d0e4
  7) function=KERNELBASE.dll+0x230ce
  6) function=Sandbox.exe+0xb6f89d
  5) function=CrySystem.dll+0x2115ae
  4) function=ucrtbase.dll+0x21bb2
  3) function=KERNEL32.DLL+0x17614
  2) function=ntdll.dll+0x526a1
  1) function=ntdll.dll+0x526a1
 

Call Stack: ["BackgroundTask_IO" [14168]]
 8) function=ntdll.dll+0x9d0e4
  7) function=KERNELBASE.dll+0x230ce
  6) function=Sandbox.exe+0xb6f89d
  5) function=CrySystem.dll+0x2115ae
  4) function=ucrtbase.dll+0x21bb2
  3) function=KERNEL32.DLL+0x17614
  2) function=ntdll.dll+0x526a1
  1) function=ntdll.dll+0x526a1
 

Call Stack: ["BackgroundTask_2" [5280]]
 8) function=ntdll.dll+0x9d0e4
  7) function=KERNELBASE.dll+0x230ce
  6) function=Sandbox.exe+0xb6f89d
  5) function=CrySystem.dll+0x2115ae
  4) function=ucrtbase.dll+0x21bb2
  3) function=KERNEL32.DLL+0x17614
  2) function=ntdll.dll+0x526a1
  1) function=ntdll.dll+0x526a1
 

Call Stack: ["BackgroundTask_1" [20196]]
 8) function=ntdll.dll+0x9d0e4
  7) function=KERNELBASE.dll+0x230ce
  6) function=Sandbox.exe+0xb6f89d
  5) function=CrySystem.dll+0x2115ae
  4) function=ucrtbase.dll+0x21bb2
  3) function=KERNEL32.DLL+0x17614
  2) function=ntdll.dll+0x526a1
  1) function=ntdll.dll+0x526a1
 

Call Stack: ["BackgroundTask_3" [21148]]
 8) function=ntdll.dll+0x9d0e4
  7) function=KERNELBASE.dll+0x230ce
  6) function=Sandbox.exe+0xb6f89d
  5) function=CrySystem.dll+0x2115ae
  4) function=ucrtbase.dll+0x21bb2
  3) function=KERNEL32.DLL+0x17614
  2) function=ntdll.dll+0x526a1
  1) function=ntdll.dll+0x526a1
 

Call Stack: ["CaptureCrashScreenShot" [9912]]
10) function=ntdll.dll+0xa0a74
  9) function=ntdll.dll+0x64131
  8) function=KERNELBASE.dll+0x73499
  7) function=MSVCP140.dll+0x12939
  6) function=MSVCP140.dll+0x12b7a
  5) function=CrySystem.dll+0x2ceff3
  4) function=CrySystem.dll+0x2115ae
  3) function=ucrtbase.dll+0x21bb2
  2) function=KERNEL32.DLL+0x17614
  1) function=ntdll.dll+0x526a1
 

Call Stack: ["AudioMainThread" [3920]]
 8) function=ntdll.dll+0x9d0e4
  7) function=KERNELBASE.dll+0x230ce
  6) function=CryAudioSystem.dll+0xcfed1
  5) function=CrySystem.dll+0x2115ae
  4) function=ucrtbase.dll+0x21bb2
  3) function=KERNEL32.DLL+0x17614
  2) function=ntdll.dll+0x526a1
  1) function=ntdll.dll+0x526a1
 